Determining if the pthread_create exist failed with the following output:
Change Dir: /home/pfzhang/workspace/quant_conv/build/CMakeFiles/CMakeTmp

Run Build Command:"/usr/bin/make" "cmTC_6ec52/fast"
/usr/bin/make -f CMakeFiles/cmTC_6ec52.dir/build.make CMakeFiles/cmTC_6ec52.dir/build
make[1]: Entering directory '/home/pfzhang/workspace/quant_conv/build/CMakeFiles/CMakeTmp'
Building C object CMakeFiles/cmTC_6ec52.dir/CheckSymbolExists.c.o
/usr/bin/aarch64-linux-gnu-gcc-7    -o CMakeFiles/cmTC_6ec52.dir/CheckSymbolExists.c.o   -c /home/pfzhang/workspace/quant_conv/build/CMakeFiles/CMakeTmp/CheckSymbolExists.c
Linking C executable cmTC_6ec52
/usr/bin/cmake -E cmake_link_script CMakeFiles/cmTC_6ec52.dir/link.txt --verbose=1
/usr/bin/aarch64-linux-gnu-gcc-7      -rdynamic CMakeFiles/cmTC_6ec52.dir/CheckSymbolExists.c.o  -o cmTC_6ec52 
CMakeFiles/cmTC_6ec52.dir/CheckSymbolExists.c.o: In function `main':
CheckSymbolExists.c:(.text+0x14): undefined reference to `pthread_create'
CheckSymbolExists.c:(.text+0x18): undefined reference to `pthread_create'
collect2: error: ld returned 1 exit status
CMakeFiles/cmTC_6ec52.dir/build.make:97: recipe for target 'cmTC_6ec52' failed
make[1]: *** [cmTC_6ec52] Error 1
make[1]: Leaving directory '/home/pfzhang/workspace/quant_conv/build/CMakeFiles/CMakeTmp'
Makefile:126: recipe for target 'cmTC_6ec52/fast' failed
make: *** [cmTC_6ec52/fast] Error 2

File /home/pfzhang/workspace/quant_conv/build/CMakeFiles/CMakeTmp/CheckSymbolExists.c:
/* */
#include <pthread.h>

int main(int argc, char** argv)
{
  (void)argv;
#ifndef pthread_create
  return ((int*)(&pthread_create))[argc];
#else
  (void)argc;
  return 0;
#endif
}

Determining if the function pthread_create exists in the pthreads failed with the following output:
Change Dir: /home/pfzhang/workspace/quant_conv/build/CMakeFiles/CMakeTmp

Run Build Command:"/usr/bin/make" "cmTC_9aa07/fast"
/usr/bin/make -f CMakeFiles/cmTC_9aa07.dir/build.make CMakeFiles/cmTC_9aa07.dir/build
make[1]: Entering directory '/home/pfzhang/workspace/quant_conv/build/CMakeFiles/CMakeTmp'
Building C object CMakeFiles/cmTC_9aa07.dir/CheckFunctionExists.c.o
/usr/bin/aarch64-linux-gnu-gcc-7   -DCHECK_FUNCTION_EXISTS=pthread_create   -o CMakeFiles/cmTC_9aa07.dir/CheckFunctionExists.c.o   -c /usr/share/cmake-3.10/Modules/CheckFunctionExists.c
Linking C executable cmTC_9aa07
/usr/bin/cmake -E cmake_link_script CMakeFiles/cmTC_9aa07.dir/link.txt --verbose=1
/usr/bin/aarch64-linux-gnu-gcc-7  -DCHECK_FUNCTION_EXISTS=pthread_create    -rdynamic CMakeFiles/cmTC_9aa07.dir/CheckFunctionExists.c.o  -o cmTC_9aa07 -lpthreads 
/usr/bin/ld: cannot find -lpthreads
collect2: error: ld returned 1 exit status
CMakeFiles/cmTC_9aa07.dir/build.make:97: recipe for target 'cmTC_9aa07' failed
make[1]: *** [cmTC_9aa07] Error 1
make[1]: Leaving directory '/home/pfzhang/workspace/quant_conv/build/CMakeFiles/CMakeTmp'
Makefile:126: recipe for target 'cmTC_9aa07/fast' failed
make: *** [cmTC_9aa07/fast] Error 2


Performing C++ SOURCE FILE Test HAVE_CXX_FLAG_WSHORTEN_64_TO_32 failed with the following output:
Change Dir: /home/pfzhang/workspace/quant_conv/build/CMakeFiles/CMakeTmp

Run Build Command:"/usr/bin/make" "cmTC_7171b/fast"
/usr/bin/make -f CMakeFiles/cmTC_7171b.dir/build.make CMakeFiles/cmTC_7171b.dir/build
make[1]: Entering directory '/home/pfzhang/workspace/quant_conv/build/CMakeFiles/CMakeTmp'
Building CXX object CMakeFiles/cmTC_7171b.dir/src.cxx.o
/usr/bin/aarch64-linux-gnu-g++-7    -std=c++11  -Wall  -Wextra  -Wshadow  -pedantic  -pedantic-errors -DHAVE_CXX_FLAG_WSHORTEN_64_TO_32  -Wshorten-64-to-32   -Wshorten-64-to-32 -o CMakeFiles/cmTC_7171b.dir/src.cxx.o -c /home/pfzhang/workspace/quant_conv/build/CMakeFiles/CMakeTmp/src.cxx
aarch64-linux-gnu-g++-7: error: unrecognized command line option '-Wshorten-64-to-32'
aarch64-linux-gnu-g++-7: error: unrecognized command line option '-Wshorten-64-to-32'
CMakeFiles/cmTC_7171b.dir/build.make:65: recipe for target 'CMakeFiles/cmTC_7171b.dir/src.cxx.o' failed
make[1]: *** [CMakeFiles/cmTC_7171b.dir/src.cxx.o] Error 1
make[1]: Leaving directory '/home/pfzhang/workspace/quant_conv/build/CMakeFiles/CMakeTmp'
Makefile:126: recipe for target 'cmTC_7171b/fast' failed
make: *** [cmTC_7171b/fast] Error 2

Source file was:
int main() { return 0; }
Performing C++ SOURCE FILE Test HAVE_CXX_FLAG_WD654 failed with the following output:
Change Dir: /home/pfzhang/workspace/quant_conv/build/CMakeFiles/CMakeTmp

Run Build Command:"/usr/bin/make" "cmTC_e0789/fast"
/usr/bin/make -f CMakeFiles/cmTC_e0789.dir/build.make CMakeFiles/cmTC_e0789.dir/build
make[1]: Entering directory '/home/pfzhang/workspace/quant_conv/build/CMakeFiles/CMakeTmp'
Building CXX object CMakeFiles/cmTC_e0789.dir/src.cxx.o
/usr/bin/aarch64-linux-gnu-g++-7    -std=c++11  -Wall  -Wextra  -Wshadow  -pedantic  -pedantic-errors  -Wfloat-equal  -fstrict-aliasing  -Wstrict-aliasing -DHAVE_CXX_FLAG_WD654  -wd654   -wd654 -o CMakeFiles/cmTC_e0789.dir/src.cxx.o -c /home/pfzhang/workspace/quant_conv/build/CMakeFiles/CMakeTmp/src.cxx
aarch64-linux-gnu-g++-7: error: unrecognized command line option '-wd654'
aarch64-linux-gnu-g++-7: error: unrecognized command line option '-wd654'
CMakeFiles/cmTC_e0789.dir/build.make:65: recipe for target 'CMakeFiles/cmTC_e0789.dir/src.cxx.o' failed
make[1]: *** [CMakeFiles/cmTC_e0789.dir/src.cxx.o] Error 1
make[1]: Leaving directory '/home/pfzhang/workspace/quant_conv/build/CMakeFiles/CMakeTmp'
Makefile:126: recipe for target 'cmTC_e0789/fast' failed
make: *** [cmTC_e0789/fast] Error 2

Source file was:
int main() { return 0; }
Performing C++ SOURCE FILE Test HAVE_CXX_FLAG_WTHREAD_SAFETY failed with the following output:
Change Dir: /home/pfzhang/workspace/quant_conv/build/CMakeFiles/CMakeTmp

Run Build Command:"/usr/bin/make" "cmTC_d4c83/fast"
/usr/bin/make -f CMakeFiles/cmTC_d4c83.dir/build.make CMakeFiles/cmTC_d4c83.dir/build
make[1]: Entering directory '/home/pfzhang/workspace/quant_conv/build/CMakeFiles/CMakeTmp'
Building CXX object CMakeFiles/cmTC_d4c83.dir/src.cxx.o
/usr/bin/aarch64-linux-gnu-g++-7    -std=c++11  -Wall  -Wextra  -Wshadow  -pedantic  -pedantic-errors  -Wfloat-equal  -fstrict-aliasing  -Wstrict-aliasing -DHAVE_CXX_FLAG_WTHREAD_SAFETY  -Wthread-safety   -Wthread-safety -o CMakeFiles/cmTC_d4c83.dir/src.cxx.o -c /home/pfzhang/workspace/quant_conv/build/CMakeFiles/CMakeTmp/src.cxx
aarch64-linux-gnu-g++-7: error: unrecognized command line option '-Wthread-safety'; did you mean '-fthread-jumps'?
aarch64-linux-gnu-g++-7: error: unrecognized command line option '-Wthread-safety'; did you mean '-fthread-jumps'?
CMakeFiles/cmTC_d4c83.dir/build.make:65: recipe for target 'CMakeFiles/cmTC_d4c83.dir/src.cxx.o' failed
make[1]: *** [CMakeFiles/cmTC_d4c83.dir/src.cxx.o] Error 1
make[1]: Leaving directory '/home/pfzhang/workspace/quant_conv/build/CMakeFiles/CMakeTmp'
Makefile:126: recipe for target 'cmTC_d4c83/fast' failed
make: *** [cmTC_d4c83/fast] Error 2

Source file was:
int main() { return 0; }
